# JRE version: OpenJDK Runtime Environment (11.0.7+10) (build 11.0.7+10)
# Java VM: OpenJDK 64-Bit Server VM (11.0.7+10, mixed mode, tiered, compressed oops, g1 gc, windows-amd64)
Heap:
 garbage-first heap   total 189440K, used 82290K [0x0000000081600000, 0x0000000100000000)
  region size 1024K, 70 young (71680K), 9 survivors (9216K)
 Metaspace       used 68711K, capacity 70260K, committed 70440K, reserved 1110016K
  class space    used 8647K, capacity 9251K, committed 9356K, reserved 1048576K
GC Heap History (18 events):
Event: 0.662 GC heap before
{Heap before GC invocations=0 (full 0):
 garbage-first heap   total 131072K, used 14336K [0x0000000081600000, 0x0000000100000000)
  region size 1024K, 14 young (14336K), 0 survivors (0K)
 Metaspace       used 9054K, capacity 9240K, committed 9344K, reserved 1058816K
  class space    used 816K, capacity 868K, committed 896K, reserved 1048576K
}
Event: 0.669 GC heap after
{Heap after GC invocations=1 (full 0):
 garbage-first heap   total 131072K, used 5749K [0x0000000081600000, 0x0000000100000000)
  region size 1024K, 2 young (2048K), 2 survivors (2048K)
 Metaspace       used 9054K, capacity 9240K, committed 9344K, reserved 1058816K
  class space    used 816K, capacity 868K, committed 896K, reserved 1048576K
}
Event: 0.982 GC heap before
{Heap before GC invocations=1 (full 0):
 garbage-first heap   total 131072K, used 51829K [0x0000000081600000, 0x0000000100000000)
  region size 1024K, 48 young (49152K), 2 survivors (2048K)
 Metaspace       used 11192K, capacity 11395K, committed 11648K, reserved 1060864K
  class space    used 1073K, capacity 1142K, committed 1152K, reserved 1048576K
}
Event: 0.986 GC heap after
{Heap after GC invocations=2 (full 0):
 garbage-first heap   total 131072K, used 6200K [0x0000000081600000, 0x0000000100000000)
  region size 1024K, 3 young (3072K), 3 survivors (3072K)
 Metaspace       used 11192K, capacity 11395K, committed 11648K, reserved 1060864K
  class space    used 1073K, capacity 1142K, committed 1152K, reserved 1048576K
}
Event: 1.968 GC heap before
{Heap before GC invocations=2 (full 0):
 garbage-first heap   total 131072K, used 53304K [0x0000000081600000, 0x0000000100000000)
  region size 1024K, 50 young (51200K), 3 survivors (3072K)
 Metaspace       used 20774K, capacity 21192K, committed 21296K, reserved 1069056K
  class space    used 2256K, capacity 2431K, committed 2432K, reserved 1048576K
}
Event: 1.978 GC heap after
{Heap after GC invocations=3 (full 0):
 garbage-first heap   total 131072K, used 7896K [0x0000000081600000, 0x0000000100000000)
  region size 1024K, 5 young (5120K), 5 survivors (5120K)
 Metaspace       used 20774K, capacity 21192K, committed 21296K, reserved 1069056K
  class space    used 2256K, capacity 2431K, committed 2432K, reserved 1048576K
}
Event: 2.771 GC heap before
{Heap before GC invocations=4 (full 0):
 garbage-first heap   total 131072K, used 68312K [0x0000000081600000, 0x0000000100000000)
  region size 1024K, 65 young (66560K), 5 survivors (5120K)
 Metaspace       used 24258K, capacity 24809K, committed 24960K, reserved 1071104K
  class space    used 2696K, capacity 2929K, committed 2944K, reserved 1048576K
}
Event: 2.781 GC heap after
{Heap after GC invocations=5 (full 0):
 garbage-first heap   total 131072K, used 9373K [0x0000000081600000, 0x0000000100000000)
  region size 1024K, 6 young (6144K), 6 survivors (6144K)
 Metaspace       used 24258K, capacity 24809K, committed 24960K, reserved 1071104K
  class space    used 2696K, capacity 2929K, committed 2944K, reserved 1048576K
}
Event: 5.024 GC heap before
{Heap before GC invocations=5 (full 0):
 garbage-first heap   total 131072K, used 81053K [0x0000000081600000, 0x0000000100000000)
  region size 1024K, 76 young (77824K), 6 survivors (6144K)
 Metaspace       used 31268K, capacity 32187K, committed 32512K, reserved 1077248K
  class space    used 3627K, capacity 3980K, committed 4096K, reserved 1048576K
}
Event: 5.043 GC heap after
{Heap after GC invocations=6 (full 0):
 garbage-first heap   total 157696K, used 12686K [0x0000000081600000, 0x0000000100000000)
  region size 1024K, 7 young (7168K), 7 survivors (7168K)
 Metaspace       used 31268K, capacity 32187K, committed 32512K, reserved 1077248K
  class space    used 3627K, capacity 3980K, committed 4096K, reserved 1048576K
}
Event: 6.299 GC heap before
{Heap before GC invocations=6 (full 0):
 garbage-first heap   total 157696K, used 97678K [0x0000000081600000, 0x0000000100000000)
  region size 1024K, 91 young (93184K), 7 survivors (7168K)
 Metaspace       used 34086K, capacity 35119K, committed 35328K, reserved 1081344K
  class space    used 3917K, capacity 4295K, committed 4352K, reserved 1048576K
}
Event: 6.314 GC heap after
{Heap after GC invocations=7 (full 0):
 garbage-first heap   total 157696K, used 14271K [0x0000000081600000, 0x0000000100000000)
  region size 1024K, 7 young (7168K), 7 survivors (7168K)
 Metaspace       used 34086K, capacity 35119K, committed 35328K, reserved 1081344K
  class space    used 3917K, capacity 4295K, committed 4352K, reserved 1048576K
}
Event: 6.680 GC heap before
{Heap before GC invocations=7 (full 0):
 garbage-first heap   total 157696K, used 28607K [0x0000000081600000, 0x0000000100000000)
  region size 1024K, 22 young (22528K), 7 survivors (7168K)
 Metaspace       used 34861K, capacity 35841K, committed 35968K, reserved 1081344K
  class space    used 4011K, capacity 4388K, committed 4480K, reserved 1048576K
}
Event: 6.693 GC heap after
{Heap after GC invocations=8 (full 0):
 garbage-first heap   total 157696K, used 14270K [0x0000000081600000, 0x0000000100000000)
  region size 1024K, 7 young (7168K), 7 survivors (7168K)
 Metaspace       used 34861K, capacity 35841K, committed 35968K, reserved 1081344K
  class space    used 4011K, capacity 4388K, committed 4480K, reserved 1048576K
}
Event: 9.343 GC heap before
{Heap before GC invocations=9 (full 0):
 garbage-first heap   total 157696K, used 101310K [0x0000000081600000, 0x0000000100000000)
  region size 1024K, 92 young (94208K), 7 survivors (7168K)
 Metaspace       used 49872K, capacity 51165K, committed 51356K, reserved 1093632K
  class space    used 6067K, capacity 6562K, committed 6656K, reserved 1048576K
}
Event: 9.365 GC heap after
{Heap after GC invocations=10 (full 0):
 garbage-first heap   total 157696K, used 19394K [0x0000000081600000, 0x0000000100000000)
  region size 1024K, 12 young (12288K), 12 survivors (12288K)
 Metaspace       used 49872K, capacity 51165K, committed 51356K, reserved 1093632K
  class space    used 6067K, capacity 6562K, committed 6656K, reserved 1048576K
}
Event: 10.972 GC heap before
{Heap before GC invocations=10 (full 0):
 garbage-first heap   total 157696K, used 67522K [0x0000000081600000, 0x0000000100000000)
  region size 1024K, 60 young (61440K), 12 survivors (12288K)
 Metaspace       used 59275K, capacity 60623K, committed 60636K, reserved 1101824K
  class space    used 7440K, capacity 7987K, committed 8000K, reserved 1048576K
}
Event: 11.002 GC heap after
{Heap after GC invocations=11 (full 0):
 garbage-first heap   total 189440K, used 21874K [0x0000000081600000, 0x0000000100000000)
  region size 1024K, 9 young (9216K), 9 survivors (9216K)
 Metaspace       used 59275K, capacity 60623K, committed 60636K, reserved 1101824K
  class space    used 7440K, capacity 7987K, committed 8000K, reserved 1048576K
}

